{"D:\\IT\\Training\\React\\new-eshop\\src\\common\\card\\Card.jsx": {"path":"D:\\IT\\Training\\React\\new-eshop\\src\\common\\card\\Card.jsx","statementMap":{"0":{"start":{"line":4,"column":20},"end":{"line":76,"column":null}},"1":{"start":{"line":5,"column":2},"end":{"line":5,"column":null}},"2":{"start":{"line":7,"column":21},"end":{"line":10,"column":null}},"3":{"start":{"line":8,"column":21},"end":{"line":8,"column":null}},"4":{"start":{"line":12,"column":2},"end":{"line":74,"column":null}},"5":{"start":{"line":24,"column":33},"end":{"line":24,"column":null}},"6":{"start":{"line":25,"column":14},"end":{"line":59,"column":null}},"7":{"start":{"line":47,"column":39},"end":{"line":47,"column":null}},"8":{"start":{"line":53,"column":39},"end":{"line":53,"column":null}}},"fnMap":{"0":{"name":"(anonymous_0)","decl":{"start":{"line":4,"column":20},"end":{"line":4,"column":21}},"loc":{"start":{"line":4,"column":62},"end":{"line":76,"column":null}},"line":4},"1":{"name":"(anonymous_1)","decl":{"start":{"line":8,"column":4},"end":{"line":8,"column":5}},"loc":{"start":{"line":8,"column":21},"end":{"line":8,"column":null}},"line":8},"2":{"name":"(anonymous_2)","decl":{"start":{"line":23,"column":26},"end":{"line":23,"column":27}},"loc":{"start":{"line":23,"column":36},"end":{"line":61,"column":13}},"line":23},"3":{"name":"(anonymous_3)","decl":{"start":{"line":47,"column":33},"end":{"line":47,"column":39}},"loc":{"start":{"line":47,"column":39},"end":{"line":47,"column":null}},"line":47},"4":{"name":"(anonymous_4)","decl":{"start":{"line":53,"column":33},"end":{"line":53,"column":39}},"loc":{"start":{"line":53,"column":39},"end":{"line":53,"column":null}},"line":53}},"branchMap":{"0":{"loc":{"start":{"line":17,"column":13},"end":{"line":20,"column":null}},"type":"binary-expr","locations":[{"start":{"line":17,"column":13},"end":{"line":17,"column":null}},{"start":{"line":18,"column":14},"end":{"line":20,"column":null}}],"line":17},"1":{"loc":{"start":{"line":69,"column":20},"end":{"line":69,"column":49}},"type":"binary-expr","locations":[{"start":{"line":69,"column":20},"end":{"line":69,"column":45}},{"start":{"line":69,"column":45},"end":{"line":69,"column":49}}],"line":69}},"s":{"0":1,"1":5,"2":5,"3":3,"4":5,"5":3,"6":3,"7":0,"8":1},"f":{"0":5,"1":3,"2":3,"3":0,"4":1},"b":{"0":[5,2],"1":[5,0]},"meta":{"lastBranch":2,"lastFunction":5,"lastStatement":9,"seen":{"s:4:20:76:Infinity":0,"f:4:20:4:21":0,"s:5:2:5:Infinity":1,"s:7:21:10:Infinity":2,"f:8:4:8:5":1,"s:8:21:8:Infinity":3,"s:12:2:74:Infinity":4,"b:17:13:17:Infinity:18:14:20:Infinity":0,"f:23:26:23:27":2,"s:24:33:24:Infinity":5,"s:25:14:59:Infinity":6,"f:47:33:47:39":3,"s:47:39:47:Infinity":7,"f:53:33:53:39":4,"s:53:39:53:Infinity":8,"b:69:20:69:45:69:45:69:49":1}}}
,"D:\\IT\\Training\\React\\new-eshop\\src\\common\\card\\styles.css": {"path":"D:\\IT\\Training\\React\\new-eshop\\src\\common\\card\\styles.css","statementMap":{},"fnMap":{},"branchMap":{},"s":{},"f":{},"b":{},"meta":{"lastBranch":0,"lastFunction":0,"lastStatement":0,"seen":{}}}
,"D:\\IT\\Training\\React\\new-eshop\\src\\common\\footer\\Footer.css": {"path":"D:\\IT\\Training\\React\\new-eshop\\src\\common\\footer\\Footer.css","statementMap":{},"fnMap":{},"branchMap":{},"s":{},"f":{},"b":{},"meta":{"lastBranch":0,"lastFunction":0,"lastStatement":0,"seen":{}}}
,"D:\\IT\\Training\\React\\new-eshop\\src\\common\\footer\\Footer.jsx": {"path":"D:\\IT\\Training\\React\\new-eshop\\src\\common\\footer\\Footer.jsx","statementMap":{"0":{"start":{"line":15,"column":22},"end":{"line":100,"column":null}},"1":{"start":{"line":26,"column":2},"end":{"line":98,"column":null}}},"fnMap":{"0":{"name":"(anonymous_0)","decl":{"start":{"line":15,"column":22},"end":{"line":15,"column":28}},"loc":{"start":{"line":15,"column":28},"end":{"line":100,"column":null}},"line":15}},"branchMap":{},"s":{"0":1,"1":2},"f":{"0":2},"b":{},"meta":{"lastBranch":0,"lastFunction":1,"lastStatement":2,"seen":{"s:15:22:100:Infinity":0,"f:15:22:15:28":0,"s:26:2:98:Infinity":1}}}
,"D:\\IT\\Training\\React\\new-eshop\\src\\common\\header\\Head.jsx": {"path":"D:\\IT\\Training\\React\\new-eshop\\src\\common\\header\\Head.jsx","statementMap":{"0":{"start":{"line":4,"column":20},"end":{"line":35,"column":null}},"1":{"start":{"line":5,"column":2},"end":{"line":33,"column":null}}},"fnMap":{"0":{"name":"(anonymous_0)","decl":{"start":{"line":4,"column":20},"end":{"line":4,"column":26}},"loc":{"start":{"line":4,"column":26},"end":{"line":35,"column":null}},"line":4}},"branchMap":{},"s":{"0":2,"1":5},"f":{"0":5},"b":{},"meta":{"lastBranch":0,"lastFunction":1,"lastStatement":2,"seen":{"s:4:20:35:Infinity":0,"f:4:20:4:26":0,"s:5:2:33:Infinity":1}}}
,"D:\\IT\\Training\\React\\new-eshop\\src\\common\\header\\Header.css": {"path":"D:\\IT\\Training\\React\\new-eshop\\src\\common\\header\\Header.css","statementMap":{},"fnMap":{},"branchMap":{},"s":{},"f":{},"b":{},"meta":{"lastBranch":0,"lastFunction":0,"lastStatement":0,"seen":{}}}
,"D:\\IT\\Training\\React\\new-eshop\\src\\common\\header\\Header.jsx": {"path":"D:\\IT\\Training\\React\\new-eshop\\src\\common\\header\\Header.jsx","statementMap":{"0":{"start":{"line":7,"column":22},"end":{"line":15,"column":null}},"1":{"start":{"line":8,"column":2},"end":{"line":13,"column":null}}},"fnMap":{"0":{"name":"(anonymous_0)","decl":{"start":{"line":7,"column":22},"end":{"line":7,"column":23}},"loc":{"start":{"line":7,"column":40},"end":{"line":15,"column":null}},"line":7}},"branchMap":{},"s":{"0":1,"1":3},"f":{"0":3},"b":{},"meta":{"lastBranch":0,"lastFunction":1,"lastStatement":2,"seen":{"s:7:22:15:Infinity":0,"f:7:22:7:23":0,"s:8:2:13:Infinity":1}}}
,"D:\\IT\\Training\\React\\new-eshop\\src\\common\\header\\Navbar.jsx": {"path":"D:\\IT\\Training\\React\\new-eshop\\src\\common\\header\\Navbar.jsx","statementMap":{"0":{"start":{"line":4,"column":22},"end":{"line":50,"column":null}},"1":{"start":{"line":5,"column":34},"end":{"line":5,"column":null}},"2":{"start":{"line":6,"column":2},"end":{"line":48,"column":null}},"3":{"start":{"line":18,"column":106},"end":{"line":18,"column":null}},"4":{"start":{"line":38,"column":71},"end":{"line":38,"column":null}}},"fnMap":{"0":{"name":"(anonymous_0)","decl":{"start":{"line":4,"column":22},"end":{"line":4,"column":28}},"loc":{"start":{"line":4,"column":28},"end":{"line":50,"column":null}},"line":4},"1":{"name":"(anonymous_1)","decl":{"start":{"line":18,"column":100},"end":{"line":18,"column":106}},"loc":{"start":{"line":18,"column":106},"end":{"line":18,"column":null}},"line":18},"2":{"name":"(anonymous_2)","decl":{"start":{"line":38,"column":65},"end":{"line":38,"column":71}},"loc":{"start":{"line":38,"column":71},"end":{"line":38,"column":null}},"line":38}},"branchMap":{"0":{"loc":{"start":{"line":18,"column":27},"end":{"line":18,"column":91}},"type":"cond-expr","locations":[{"start":{"line":18,"column":40},"end":{"line":18,"column":65}},{"start":{"line":18,"column":65},"end":{"line":18,"column":91}}],"line":18},"1":{"loc":{"start":{"line":40,"column":16},"end":{"line":42,"column":null}},"type":"cond-expr","locations":[{"start":{"line":41,"column":18},"end":{"line":41,"column":null}},{"start":{"line":42,"column":18},"end":{"line":42,"column":null}}],"line":40}},"s":{"0":2,"1":10,"2":10,"3":1,"4":1},"f":{"0":10,"1":1,"2":1},"b":{"0":[1,9],"1":[1,9]},"meta":{"lastBranch":2,"lastFunction":3,"lastStatement":5,"seen":{"s:4:22:50:Infinity":0,"f:4:22:4:28":0,"s:5:34:5:Infinity":1,"s:6:2:48:Infinity":2,"b:18:40:18:65:18:65:18:91":0,"f:18:100:18:106":1,"s:18:106:18:Infinity":3,"f:38:65:38:71":2,"s:38:71:38:Infinity":4,"b:41:18:41:Infinity:42:18:42:Infinity":1}}}
,"D:\\IT\\Training\\React\\new-eshop\\src\\common\\header\\Search.jsx": {"path":"D:\\IT\\Training\\React\\new-eshop\\src\\common\\header\\Search.jsx","statementMap":{"0":{"start":{"line":6,"column":22},"end":{"line":38,"column":null}},"1":{"start":{"line":7,"column":2},"end":{"line":10,"column":null}},"2":{"start":{"line":8,"column":19},"end":{"line":8,"column":null}},"3":{"start":{"line":9,"column":4},"end":{"line":9,"column":null}},"4":{"start":{"line":11,"column":2},"end":{"line":36,"column":null}}},"fnMap":{"0":{"name":"(anonymous_0)","decl":{"start":{"line":6,"column":22},"end":{"line":6,"column":23}},"loc":{"start":{"line":6,"column":40},"end":{"line":38,"column":null}},"line":6},"1":{"name":"(anonymous_1)","decl":{"start":{"line":7,"column":36},"end":{"line":7,"column":42}},"loc":{"start":{"line":7,"column":42},"end":{"line":10,"column":3}},"line":7}},"branchMap":{"0":{"loc":{"start":{"line":30,"column":23},"end":{"line":30,"column":68}},"type":"cond-expr","locations":[{"start":{"line":30,"column":47},"end":{"line":30,"column":52}},{"start":{"line":30,"column":52},"end":{"line":30,"column":68}}],"line":30}},"s":{"0":2,"1":10,"2":0,"3":0,"4":10},"f":{"0":10,"1":0},"b":{"0":[7,3]},"meta":{"lastBranch":1,"lastFunction":2,"lastStatement":5,"seen":{"s:6:22:38:Infinity":0,"f:6:22:6:23":0,"s:7:2:10:Infinity":1,"f:7:36:7:42":1,"s:8:19:8:Infinity":2,"s:9:4:9:Infinity":3,"s:11:2:36:Infinity":4,"b:30:47:30:52:30:52:30:68":0}}}
,"D:\\IT\\Training\\React\\new-eshop\\src\\components\\assets\\images\\reshot-icon-mill-K5DQVANU3P.svg": {"path":"D:\\IT\\Training\\React\\new-eshop\\src\\components\\assets\\images\\reshot-icon-mill-K5DQVANU3P.svg","statementMap":{},"fnMap":{},"branchMap":{},"s":{},"f":{},"b":{},"meta":{"lastBranch":0,"lastFunction":0,"lastStatement":0,"seen":{}}}
,"D:\\IT\\Training\\React\\new-eshop\\src\\components\\like\\Like.css": {"path":"D:\\IT\\Training\\React\\new-eshop\\src\\components\\like\\Like.css","statementMap":{},"fnMap":{},"branchMap":{},"s":{},"f":{},"b":{},"meta":{"lastBranch":0,"lastFunction":0,"lastStatement":0,"seen":{}}}
,"D:\\IT\\Training\\React\\new-eshop\\src\\components\\like\\Like.jsx": {"path":"D:\\IT\\Training\\React\\new-eshop\\src\\components\\like\\Like.jsx","statementMap":{"0":{"start":{"line":4,"column":20},"end":{"line":20,"column":null}},"1":{"start":{"line":5,"column":24},"end":{"line":5,"column":null}},"2":{"start":{"line":6,"column":20},"end":{"line":9,"column":null}},"3":{"start":{"line":7,"column":4},"end":{"line":7,"column":null}},"4":{"start":{"line":8,"column":4},"end":{"line":8,"column":null}},"5":{"start":{"line":8,"column":24},"end":{"line":8,"column":34}},"6":{"start":{"line":11,"column":2},"end":{"line":18,"column":null}}},"fnMap":{"0":{"name":"(anonymous_0)","decl":{"start":{"line":4,"column":20},"end":{"line":4,"column":26}},"loc":{"start":{"line":4,"column":26},"end":{"line":20,"column":null}},"line":4},"1":{"name":"(anonymous_1)","decl":{"start":{"line":6,"column":20},"end":{"line":6,"column":21}},"loc":{"start":{"line":6,"column":30},"end":{"line":9,"column":null}},"line":6},"2":{"name":"(anonymous_2)","decl":{"start":{"line":8,"column":13},"end":{"line":8,"column":14}},"loc":{"start":{"line":8,"column":24},"end":{"line":8,"column":34}},"line":8}},"branchMap":{},"s":{"0":1,"1":3,"2":3,"3":1,"4":1,"5":1,"6":3},"f":{"0":3,"1":1,"2":1},"b":{},"meta":{"lastBranch":0,"lastFunction":3,"lastStatement":7,"seen":{"s:4:20:20:Infinity":0,"f:4:20:4:26":0,"s:5:24:5:Infinity":1,"s:6:20:9:Infinity":2,"f:6:20:6:21":1,"s:7:4:7:Infinity":3,"s:8:4:8:Infinity":4,"f:8:13:8:14":2,"s:8:24:8:34":5,"s:11:2:18:Infinity":6}}}
}
